<?xml version="1.0" encoding="UTF-8"?>
<testsuite name="it.unisalento.pas.login.cliente.ClienteRestControllersTest" tests="2" skipped="0" failures="0" errors="0" timestamp="2023-09-29T07:52:12" hostname="MacBook-Air-di-Laura.local" time="0.564">
  <properties/>
  <testcase name="testPostMethod()" classname="it.unisalento.pas.login.cliente.ClienteRestControllersTest" time="0.552"/>
  <testcase name="testGetMethod()" classname="it.unisalento.pas.login.cliente.ClienteRestControllersTest" time="0.011"/>
  <system-out><![CDATA[
  .   ____          _            __ _ _
 /\\ / ___'_ __ _ _(_)_ __  __ _ \ \ \ \
( ( )\___ | '_ | '_| | '_ \/ _` | \ \ \ \
 \\/  ___)| |_)| | | | | || (_| |  ) ) ) )
  '  |____| .__|_| |_|_| |_\__, | / / / /
 =========|_|==============|___/=/_/_/_/
 :: Spring Boot ::                (v3.1.2)

2023-09-29T09:52:11.965+02:00  WARN 54430 --- [    Test worker] ory$DuplicateJsonObjectContextCustomizer : 

Found multiple occurrences of org.json.JSONObject on the class path:

	jar:file:/Users/lunaticyber/.gradle/caches/modules-2/files-2.1/org.json/json/20210307/528c8df3757e8bcf151817b1d7b9b434f6aa08d5/json-20210307.jar!/org/json/JSONObject.class
	jar:file:/Users/lunaticyber/.gradle/caches/modules-2/files-2.1/com.vaadin.external.google/android-json/0.0.20131108.vaadin1/fa26d351fe62a6a17f5cda1287c1c6110dec413f/android-json-0.0.20131108.vaadin1.jar!/org/json/JSONObject.class

You may wish to exclude one of them to ensure predictable runtime behavior

2023-09-29T09:52:11.971+02:00  INFO 54430 --- [    Test worker] i.u.p.l.c.ClienteRestControllersTest     : Starting ClienteRestControllersTest using Java 19.0.2 with PID 54430 (started by lunaticyber in /Users/lunaticyber/Desktop/progetti/pas/progettoesame/smartcitywastemanagement/login)
2023-09-29T09:52:11.972+02:00  INFO 54430 --- [    Test worker] i.u.p.l.c.ClienteRestControllersTest     : No active profile set, falling back to 1 default profile: "default"
2023-09-29T09:52:12.202+02:00  INFO 54430 --- [    Test worker] .s.d.r.c.RepositoryConfigurationDelegate : Bootstrapping Spring Data MongoDB repositories in DEFAULT mode.
2023-09-29T09:52:12.222+02:00  INFO 54430 --- [    Test worker] .s.d.r.c.RepositoryConfigurationDelegate : Finished Spring Data repository scanning in 17 ms. Found 1 MongoDB repository interfaces.
2023-09-29T09:52:12.400+02:00  INFO 54430 --- [    Test worker] org.mongodb.driver.client                : MongoClient with metadata {"driver": {"name": "mongo-java-driver|sync|spring-boot", "version": "4.9.1"}, "os": {"type": "Darwin", "name": "Mac OS X", "architecture": "aarch64", "version": "13.5.2"}, "platform": "Java/Amazon.com Inc./19.0.2+7-FR"} created with settings MongoClientSettings{readPreference=primary, writeConcern=WriteConcern{w=null, wTimeout=null ms, journal=null}, retryWrites=true, retryReads=true, readConcern=ReadConcern{level=null}, credential=null, streamFactoryFactory=null, commandListeners=[], codecRegistry=ProvidersCodecRegistry{codecProviders=[ValueCodecProvider{}, BsonValueCodecProvider{}, DBRefCodecProvider{}, DBObjectCodecProvider{}, DocumentCodecProvider{}, CollectionCodecProvider{}, IterableCodecProvider{}, MapCodecProvider{}, GeoJsonCodecProvider{}, GridFSFileCodecProvider{}, Jsr310CodecProvider{}, JsonObjectCodecProvider{}, BsonCodecProvider{}, EnumCodecProvider{}, com.mongodb.client.model.mql.ExpressionCodecProvider@21de60a7, com.mongodb.Jep395RecordCodecProvider@73894c5a]}, loggerSettings=LoggerSettings{maxDocumentLength=1000}, clusterSettings={hosts=[localhost:27018], srvServiceName=mongodb, mode=SINGLE, requiredClusterType=UNKNOWN, requiredReplicaSetName='null', serverSelector='null', clusterListeners='[]', serverSelectionTimeout='30000 ms', localThreshold='30000 ms'}, socketSettings=SocketSettings{connectTimeoutMS=10000, readTimeoutMS=0, receiveBufferSize=0, sendBufferSize=0}, heartbeatSocketSettings=SocketSettings{connectTimeoutMS=10000, readTimeoutMS=10000, receiveBufferSize=0, sendBufferSize=0}, connectionPoolSettings=ConnectionPoolSettings{maxSize=100, minSize=0, maxWaitTimeMS=120000, maxConnectionLifeTimeMS=0, maxConnectionIdleTimeMS=0, maintenanceInitialDelayMS=0, maintenanceFrequencyMS=60000, connectionPoolListeners=[], maxConnecting=2}, serverSettings=ServerSettings{heartbeatFrequencyMS=10000, minHeartbeatFrequencyMS=500, serverListeners='[]', serverMonitorListeners='[]'}, sslSettings=SslSettings{enabled=false, invalidHostNameAllowed=false, context=null}, applicationName='null', compressorList=[], uuidRepresentation=JAVA_LEGACY, serverApi=null, autoEncryptionSettings=null, contextProvider=null}
2023-09-29T09:52:12.416+02:00  INFO 54430 --- [localhost:27018] org.mongodb.driver.cluster               : Monitor thread successfully connected to server with description ServerDescription{address=localhost:27018, type=STANDALONE, state=CONNECTED, ok=true, minWireVersion=0, maxWireVersion=13, maxDocumentSize=16777216, logicalSessionTimeoutMinutes=30, roundTripTimeNanos=14225125}
2023-09-29T09:52:12.616+02:00  INFO 54430 --- [    Test worker] o.s.s.web.DefaultSecurityFilterChain     : Will secure any request with [org.springframework.security.web.session.DisableEncodeUrlFilter@1a785fd5, org.springframework.security.web.context.request.async.WebAsyncManagerIntegrationFilter@4a660b34, org.springframework.security.web.context.SecurityContextHolderFilter@684372d0, org.springframework.security.web.header.HeaderWriterFilter@2e45a357, org.springframework.security.web.authentication.logout.LogoutFilter@539316bb, it.unisalento.pas.login.security.JwtAuthenticationFilter@362a561e, org.springframework.security.web.savedrequest.RequestCacheAwareFilter@41f964f9, org.springframework.security.web.servletapi.SecurityContextHolderAwareRequestFilter@652e345, org.springframework.security.web.authentication.AnonymousAuthenticationFilter@2df3545d, org.springframework.security.web.session.SessionManagementFilter@53cb0bcb, org.springframework.security.web.access.ExceptionTranslationFilter@2bb31455, org.springframework.security.web.access.intercept.FilterSecurityInterceptor@67e77f52]
2023-09-29T09:52:12.757+02:00  WARN 54430 --- [    Test worker] ion$DefaultTemplateResolverConfiguration : Cannot find template location: classpath:/templates/ (please add some templates, check your Thymeleaf configuration, or set spring.thymeleaf.check-template-location=false)
2023-09-29T09:52:12.792+02:00  INFO 54430 --- [    Test worker] i.u.p.l.c.ClienteRestControllersTest     : Started ClienteRestControllersTest in 0.921 seconds (process running for 1.322)
2023-09-29T09:52:13.186+02:00  INFO 54430 --- [    Test worker] o.s.mock.web.MockServletContext          : Initializing Spring TestDispatcherServlet ''
2023-09-29T09:52:13.186+02:00  INFO 54430 --- [    Test worker] o.s.t.web.servlet.TestDispatcherServlet  : Initializing Servlet ''
2023-09-29T09:52:13.186+02:00  INFO 54430 --- [    Test worker] o.s.t.web.servlet.TestDispatcherServlet  : Completed initialization in 0 ms
2023-09-29T09:52:13.355+02:00  INFO 54430 --- [    Test worker] o.s.mock.web.MockServletContext          : Initializing Spring TestDispatcherServlet ''
2023-09-29T09:52:13.355+02:00  INFO 54430 --- [    Test worker] o.s.t.web.servlet.TestDispatcherServlet  : Initializing Servlet ''
2023-09-29T09:52:13.355+02:00  INFO 54430 --- [    Test worker] o.s.t.web.servlet.TestDispatcherServlet  : Completed initialization in 0 ms
]]></system-out>
  <system-err><![CDATA[]]></system-err>
</testsuite>
