<?xml version="1.0" encoding="UTF-8"?>
<testsuite name="it.unisalento.pas.emissione.checking.CheckingRestControllersTest" tests="1" skipped="0" failures="0" errors="0" timestamp="2023-09-29T07:59:06" hostname="MacBook-Air-di-Laura.local" time="0.452">
  <properties/>
  <testcase name="testGetMethod()" classname="it.unisalento.pas.emissione.checking.CheckingRestControllersTest" time="0.452"/>
  <system-out><![CDATA[
  .   ____          _            __ _ _
 /\\ / ___'_ __ _ _(_)_ __  __ _ \ \ \ \
( ( )\___ | '_ | '_| | '_ \/ _` | \ \ \ \
 \\/  ___)| |_)| | | | | || (_| |  ) ) ) )
  '  |____| .__|_| |_|_| |_\__, | / / / /
 =========|_|==============|___/=/_/_/_/
 :: Spring Boot ::                (v3.1.2)

2023-09-29T09:59:05.572+02:00  WARN 54567 --- [    Test worker] ory$DuplicateJsonObjectContextCustomizer : 

Found multiple occurrences of org.json.JSONObject on the class path:

	jar:file:/Users/lunaticyber/.gradle/caches/modules-2/files-2.1/org.json/json/20210307/528c8df3757e8bcf151817b1d7b9b434f6aa08d5/json-20210307.jar!/org/json/JSONObject.class
	jar:file:/Users/lunaticyber/.gradle/caches/modules-2/files-2.1/com.vaadin.external.google/android-json/0.0.20131108.vaadin1/fa26d351fe62a6a17f5cda1287c1c6110dec413f/android-json-0.0.20131108.vaadin1.jar!/org/json/JSONObject.class

You may wish to exclude one of them to ensure predictable runtime behavior

2023-09-29T09:59:05.579+02:00  INFO 54567 --- [    Test worker] i.u.p.e.c.CheckingRestControllersTest    : Starting CheckingRestControllersTest using Java 19.0.2 with PID 54567 (started by lunaticyber in /Users/lunaticyber/Desktop/progetti/pas/progettoesame/smartcitywastemanagement/emissione)
2023-09-29T09:59:05.579+02:00  INFO 54567 --- [    Test worker] i.u.p.e.c.CheckingRestControllersTest    : No active profile set, falling back to 1 default profile: "default"
2023-09-29T09:59:05.798+02:00  INFO 54567 --- [    Test worker] .s.d.r.c.RepositoryConfigurationDelegate : Bootstrapping Spring Data MongoDB repositories in DEFAULT mode.
2023-09-29T09:59:05.819+02:00  INFO 54567 --- [    Test worker] .s.d.r.c.RepositoryConfigurationDelegate : Finished Spring Data repository scanning in 20 ms. Found 3 MongoDB repository interfaces.
2023-09-29T09:59:05.996+02:00  INFO 54567 --- [    Test worker] org.mongodb.driver.client                : MongoClient with metadata {"driver": {"name": "mongo-java-driver|sync|spring-boot", "version": "4.9.1"}, "os": {"type": "Darwin", "name": "Mac OS X", "architecture": "aarch64", "version": "13.5.2"}, "platform": "Java/Amazon.com Inc./19.0.2+7-FR"} created with settings MongoClientSettings{readPreference=primary, writeConcern=WriteConcern{w=null, wTimeout=null ms, journal=null}, retryWrites=true, retryReads=true, readConcern=ReadConcern{level=null}, credential=null, streamFactoryFactory=null, commandListeners=[], codecRegistry=ProvidersCodecRegistry{codecProviders=[ValueCodecProvider{}, BsonValueCodecProvider{}, DBRefCodecProvider{}, DBObjectCodecProvider{}, DocumentCodecProvider{}, CollectionCodecProvider{}, IterableCodecProvider{}, MapCodecProvider{}, GeoJsonCodecProvider{}, GridFSFileCodecProvider{}, Jsr310CodecProvider{}, JsonObjectCodecProvider{}, BsonCodecProvider{}, EnumCodecProvider{}, com.mongodb.client.model.mql.ExpressionCodecProvider@5f8d9767, com.mongodb.Jep395RecordCodecProvider@16134476]}, loggerSettings=LoggerSettings{maxDocumentLength=1000}, clusterSettings={hosts=[localhost:27013], srvServiceName=mongodb, mode=SINGLE, requiredClusterType=UNKNOWN, requiredReplicaSetName='null', serverSelector='null', clusterListeners='[]', serverSelectionTimeout='30000 ms', localThreshold='30000 ms'}, socketSettings=SocketSettings{connectTimeoutMS=10000, readTimeoutMS=0, receiveBufferSize=0, sendBufferSize=0}, heartbeatSocketSettings=SocketSettings{connectTimeoutMS=10000, readTimeoutMS=10000, receiveBufferSize=0, sendBufferSize=0}, connectionPoolSettings=ConnectionPoolSettings{maxSize=100, minSize=0, maxWaitTimeMS=120000, maxConnectionLifeTimeMS=0, maxConnectionIdleTimeMS=0, maintenanceInitialDelayMS=0, maintenanceFrequencyMS=60000, connectionPoolListeners=[], maxConnecting=2}, serverSettings=ServerSettings{heartbeatFrequencyMS=10000, minHeartbeatFrequencyMS=500, serverListeners='[]', serverMonitorListeners='[]'}, sslSettings=SslSettings{enabled=false, invalidHostNameAllowed=false, context=null}, applicationName='null', compressorList=[], uuidRepresentation=JAVA_LEGACY, serverApi=null, autoEncryptionSettings=null, contextProvider=null}
2023-09-29T09:59:06.007+02:00  INFO 54567 --- [localhost:27013] org.mongodb.driver.cluster               : Monitor thread successfully connected to server with description ServerDescription{address=localhost:27013, type=STANDALONE, state=CONNECTED, ok=true, minWireVersion=0, maxWireVersion=13, maxDocumentSize=16777216, logicalSessionTimeoutMinutes=30, roundTripTimeNanos=9966125}
2023-09-29T09:59:06.223+02:00  INFO 54567 --- [    Test worker] o.s.s.web.DefaultSecurityFilterChain     : Will secure any request with [org.springframework.security.web.session.DisableEncodeUrlFilter@23ea8830, org.springframework.security.web.context.request.async.WebAsyncManagerIntegrationFilter@59a09be, org.springframework.security.web.context.SecurityContextHolderFilter@e01a26b, org.springframework.security.web.header.HeaderWriterFilter@539316bb, org.springframework.security.web.authentication.logout.LogoutFilter@3d40498a, it.unisalento.pas.emissione.security.JwtAuthenticationFilter@790ac3e0, org.springframework.security.web.savedrequest.RequestCacheAwareFilter@5cce40d7, org.springframework.security.web.servletapi.SecurityContextHolderAwareRequestFilter@314b7945, org.springframework.security.web.authentication.AnonymousAuthenticationFilter@5bb2fb2b, org.springframework.security.web.session.SessionManagementFilter@4fc6e776, org.springframework.security.web.access.ExceptionTranslationFilter@240a2619, org.springframework.security.web.access.intercept.FilterSecurityInterceptor@653a5967]
2023-09-29T09:59:06.398+02:00  INFO 54567 --- [    Test worker] i.u.p.e.c.CheckingRestControllersTest    : Started CheckingRestControllersTest in 0.91 seconds (process running for 1.299)
2023-09-29T09:59:06.784+02:00  INFO 54567 --- [    Test worker] o.s.mock.web.MockServletContext          : Initializing Spring TestDispatcherServlet ''
2023-09-29T09:59:06.784+02:00  INFO 54567 --- [    Test worker] o.s.t.web.servlet.TestDispatcherServlet  : Initializing Servlet ''
2023-09-29T09:59:06.785+02:00  INFO 54567 --- [    Test worker] o.s.t.web.servlet.TestDispatcherServlet  : Completed initialization in 1 ms
]]></system-out>
  <system-err><![CDATA[]]></system-err>
</testsuite>
